<?xml version="1.0" encoding="UTF-8"?>
<!-- Generated by org.testng.reporters.JUnitReportReporter -->
<testsuite skipped="0" hostname="CESCHNDES-0080" name="qr.QRTest" tests="1" failures="0" timestamp="24 Sep 2018 15:27:17 GMT" time="3.084" errors="0">
  <testcase name="readQRCodeFromURL" time="3.084" classname="qr.QRTest"/>
</testsuite> <!-- qr.QRTest -->
